<?xml version="1.0" encoding="UTF-8"?>
<testng-results ignored="0" total="1" passed="1" failed="0" skipped="0">
  <reporter-output>
  </reporter-output>
  <suite started-at="2024-07-01T10:28:40 IST" name="Default suite" finished-at="2024-07-01T10:29:56 IST" duration-ms="75905">
    <groups>
      <group name="regressionTest">
        <method signature="CreateCampaignsTest.CreateCampaignsTest()[pri:0, instance:Campaign.CreateCampaignsTest@77847718]" name="CreateCampaignsTest" class="Campaign.CreateCampaignsTest"/>
      </group> <!-- regressionTest -->
      <group name="smokeTest">
        <method signature="CreateCampaignsTest.CreateCampaignsTest()[pri:0, instance:Campaign.CreateCampaignsTest@77847718]" name="CreateCampaignsTest" class="Campaign.CreateCampaignsTest"/>
      </group> <!-- smokeTest -->
    </groups>
    <test started-at="2024-07-01T10:28:40 IST" name="Default test" finished-at="2024-07-01T10:29:56 IST" duration-ms="75905">
      <class name="Campaign.CreateCampaignsTest">
        <test-method is-config="true" signature="beforeSuite()[pri:0, instance:Campaign.CreateCampaignsTest@77847718]" started-at="2024-07-01T10:28:40 IST" name="beforeSuite" finished-at="2024-07-01T10:28:40 IST" duration-ms="36" status="PASS">
          <reporter-output>
          </reporter-output>
        </test-method> <!-- beforeSuite -->
        <test-method is-config="true" signature="beforeTest()[pri:0, instance:Campaign.CreateCampaignsTest@77847718]" started-at="2024-07-01T10:28:41 IST" name="beforeTest" finished-at="2024-07-01T10:28:41 IST" duration-ms="2" status="PASS">
          <reporter-output>
          </reporter-output>
        </test-method> <!-- beforeTest -->
        <test-method is-config="true" signature="beforeClass()[pri:0, instance:Campaign.CreateCampaignsTest@77847718]" started-at="2024-07-01T10:28:41 IST" name="beforeClass" finished-at="2024-07-01T10:28:45 IST" duration-ms="4484" status="PASS">
          <reporter-output>
          </reporter-output>
        </test-method> <!-- beforeClass -->
        <test-method is-config="true" signature="beforeMethod()[pri:0, instance:Campaign.CreateCampaignsTest@77847718]" started-at="2024-07-01T10:28:45 IST" name="beforeMethod" finished-at="2024-07-01T10:28:50 IST" duration-ms="5092" status="PASS">
          <reporter-output>
          </reporter-output>
        </test-method> <!-- beforeMethod -->
        <test-method signature="CreateCampaignsTest()[pri:0, instance:Campaign.CreateCampaignsTest@77847718]" started-at="2024-07-01T10:28:50 IST" name="CreateCampaignsTest" finished-at="2024-07-01T10:29:49 IST" duration-ms="58976" status="PASS">
          <reporter-output>
          </reporter-output>
        </test-method> <!-- CreateCampaignsTest -->
        <test-method is-config="true" signature="afterMethod()[pri:0, instance:Campaign.CreateCampaignsTest@77847718]" started-at="2024-07-01T10:29:49 IST" name="afterMethod" finished-at="2024-07-01T10:29:54 IST" duration-ms="4521" status="PASS">
          <reporter-output>
          </reporter-output>
        </test-method> <!-- afterMethod -->
        <test-method is-config="true" signature="afterClass()[pri:0, instance:Campaign.CreateCampaignsTest@77847718]" started-at="2024-07-01T10:29:54 IST" name="afterClass" finished-at="2024-07-01T10:29:55 IST" duration-ms="656" status="PASS">
          <reporter-output>
          </reporter-output>
        </test-method> <!-- afterClass -->
        <test-method is-config="true" signature="afterTest()[pri:0, instance:Campaign.CreateCampaignsTest@77847718]" started-at="2024-07-01T10:29:55 IST" name="afterTest" finished-at="2024-07-01T10:29:56 IST" duration-ms="1201" status="PASS">
          <reporter-output>
          </reporter-output>
        </test-method> <!-- afterTest -->
        <test-method is-config="true" signature="afterSuite()[pri:0, instance:Campaign.CreateCampaignsTest@77847718]" started-at="2024-07-01T10:29:59 IST" name="afterSuite" finished-at="2024-07-01T10:29:59 IST" duration-ms="1" status="PASS">
          <reporter-output>
          </reporter-output>
        </test-method> <!-- afterSuite -->
      </class> <!-- Campaign.CreateCampaignsTest -->
    </test> <!-- Default test -->
  </suite> <!-- Default suite -->
</testng-results>
